<?xml version="1.0" encoding="UTF-8"?>
<testsuite xmlns:xsi="http://www.w3.org/2001/XMLSchema-instance" xsi:noNamespaceSchemaLocation="https://maven.apache.org/surefire/maven-surefire-plugin/xsd/surefire-test-report.xsd" version="3.0.1" name="com.nopcommerce.e2eTests.RunTest" time="11.854" tests="1" errors="1" skipped="0" failures="0">
  <properties>
[...]
</properties>
  <testcase name="Je souhaite me connecter avec des identifiants valides" classname="Authentification" time="11.461">
    <error message="no such element: Unable to locate element: {&quot;method&quot;:&quot;xpath&quot;,&quot;selector&quot;:&quot;//h4[normalize-space()=&apos;Welcome to your store!&apos;]&quot;}&#10;  (Session info: chrome=141.0.7390.107)&#10;For documentation on this error, please visit: https://www.selenium.dev/documentation/webdriver/troubleshooting/errors#no-such-element-exception&#10;Build info: version: &apos;4.34.0&apos;, revision: &apos;707dcb4246*&apos;&#10;System info: os.name: &apos;Windows 11&apos;, os.arch: &apos;amd64&apos;, os.version: &apos;10.0&apos;, java.version: &apos;17.0.12&apos;&#10;Driver info: org.openqa.selenium.chrome.ChromeDriver&#10;Command: [400a098bf141c54f779f3225daa87174, findElement {using=xpath, value=//h4[normalize-space()=&apos;Welcome to your store!&apos;]}]&#10;Capabilities {acceptInsecureCerts: false, browserName: chrome, browserVersion: 141.0.7390.107, chrome: {chromedriverVersion: 141.0.7390.78 (2b53b0e231fc..., userDataDir: C:\Users\DELL\AppData\Local...}, fedcm:accounts: true, networkConnectionEnabled: false, pageLoadStrategy: normal, platformName: windows, proxy: Proxy(), setWindowRect: true, strictFileInteractability: false, timeouts: {implicit: 0, pageLoad: 300000, script: 30000}, unhandledPromptBehavior: dismiss and notify, webauthn:extension:credBlob: true, webauthn:extension:largeBlob: true, webauthn:extension:minPinLength: true, webauthn:extension:prf: true, webauthn:virtualAuthenticators: true}&#10;Session ID: 400a098bf141c54f779f3225daa87174" type="org.openqa.selenium.NoSuchElementException"><![CDATA[org.openqa.selenium.NoSuchElementException: 
no such element: Unable to locate element: {"method":"xpath","selector":"//h4[normalize-space()='Welcome to your store!']"}
  (Session info: chrome=141.0.7390.107)
For documentation on this error, please visit: https://www.selenium.dev/documentation/webdriver/troubleshooting/errors#no-such-element-exception
Build info: version: '4.34.0', revision: '707dcb4246*'
System info: os.name: 'Windows 11', os.arch: 'amd64', os.version: '10.0', java.version: '17.0.12'
Driver info: org.openqa.selenium.chrome.ChromeDriver
Command: [400a098bf141c54f779f3225daa87174, findElement {using=xpath, value=//h4[normalize-space()='Welcome to your store!']}]
Capabilities {acceptInsecureCerts: false, browserName: chrome, browserVersion: 141.0.7390.107, chrome: {chromedriverVersion: 141.0.7390.78 (2b53b0e231fc..., userDataDir: C:\Users\DELL\AppData\Local...}, fedcm:accounts: true, networkConnectionEnabled: false, pageLoadStrategy: normal, platformName: windows, proxy: Proxy(), setWindowRect: true, strictFileInteractability: false, timeouts: {implicit: 0, pageLoad: 300000, script: 30000}, unhandledPromptBehavior: dismiss and notify, webauthn:extension:credBlob: true, webauthn:extension:largeBlob: true, webauthn:extension:minPinLength: true, webauthn:extension:prf: true, webauthn:virtualAuthenticators: true}
Session ID: 400a098bf141c54f779f3225daa87174
	at java.base/jdk.internal.reflect.NativeConstructorAccessorImpl.newInstance0(Native Method)
	at java.base/jdk.internal.reflect.NativeConstructorAccessorImpl.newInstance(NativeConstructorAccessorImpl.java:77)
	at java.base/jdk.internal.reflect.DelegatingConstructorAccessorImpl.newInstance(DelegatingConstructorAccessorImpl.java:45)
	at java.base/java.lang.reflect.Constructor.newInstanceWithCaller(Constructor.java:499)
	at java.base/java.lang.reflect.Constructor.newInstance(Constructor.java:480)
	at org.openqa.selenium.remote.ErrorCodec.decode(ErrorCodec.java:167)
	at org.openqa.selenium.remote.codec.w3c.W3CHttpResponseCodec.decode(W3CHttpResponseCodec.java:138)
	at org.openqa.selenium.remote.codec.w3c.W3CHttpResponseCodec.decode(W3CHttpResponseCodec.java:50)
	at org.openqa.selenium.remote.HttpCommandExecutor.execute(HttpCommandExecutor.java:215)
	at org.openqa.selenium.remote.service.DriverCommandExecutor.invokeExecute(DriverCommandExecutor.java:216)
	at org.openqa.selenium.remote.service.DriverCommandExecutor.execute(DriverCommandExecutor.java:174)
	at org.openqa.selenium.remote.RemoteWebDriver.execute(RemoteWebDriver.java:544)
	at org.openqa.selenium.remote.ElementLocation$ElementFinder$2.findElement(ElementLocation.java:165)
	at org.openqa.selenium.remote.ElementLocation.findElement(ElementLocation.java:59)
	at org.openqa.selenium.remote.RemoteWebDriver.findElement(RemoteWebDriver.java:367)
	at org.openqa.selenium.remote.RemoteWebDriver.findElement(RemoteWebDriver.java:361)
	at org.openqa.selenium.support.pagefactory.DefaultElementLocator.findElement(DefaultElementLocator.java:68)
	at org.openqa.selenium.support.pagefactory.internal.LocatingElementHandler.invoke(LocatingElementHandler.java:38)
	at jdk.proxy2/jdk.proxy2.$Proxy23.getText(Unknown Source)
	at com.nopcommerce.e2eTests.utils.Validations.assertEquals(Validations.java:54)
	at com.nopcommerce.e2eTests.step_definitions.LoginNopStepDefinitions.jeMeRedirigeVersLaPageHome(LoginNopStepDefinitions.java:49)
	at ✽.Je me redirige vers la page Home "Dashboard"(file:///C:/Users/DELL/eclipse-workspace/nopcommerce/src/spec/features/feature_file/LoginNop.feature:12)
]]></error>
    <system-out><![CDATA[
@login @Login-validCredential
Scenario: Je souhaite me connecter avec des identifiants valides # src/spec/features/feature_file/LoginNop.feature:11
  Given Je navigue sur le site nopcommerce                       # com.nopcommerce.e2eTests.step_definitions.LoginNopStepDefinitions.jeNavigueSurLeSiteNopcommerce()
  When Je saisis l'adresse mail                                  # com.nopcommerce.e2eTests.step_definitions.LoginNopStepDefinitions.jeSaisisLAdresseMail()
  And Je saisis le mot de passe                                  # com.nopcommerce.e2eTests.step_definitions.LoginNopStepDefinitions.jeSaisisLeMotDePasse()
  And Je clique sur le bouton login in                           # com.nopcommerce.e2eTests.step_definitions.LoginNopStepDefinitions.jeCliqueSurLeBoutonLoginIn()
  Then Je me redirige vers la page Home "Dashboard"              # com.nopcommerce.e2eTests.step_definitions.LoginNopStepDefinitions.jeMeRedirigeVersLaPageHome(java.lang.String)
      org.openqa.selenium.NoSuchElementException: no such element: Unable to locate element: {"method":"xpath","selector":"//h4[normalize-space()='Welcome to your store!']"}
        (Session info: chrome=141.0.7390.107)
      For documentation on this error, please visit: https://www.selenium.dev/documentation/webdriver/troubleshooting/errors#no-such-element-exception
      Build info: version: '4.34.0', revision: '707dcb4246*'
      System info: os.name: 'Windows 11', os.arch: 'amd64', os.version: '10.0', java.version: '17.0.12'
      Driver info: org.openqa.selenium.chrome.ChromeDriver
      Command: [400a098bf141c54f779f3225daa87174, findElement {using=xpath, value=//h4[normalize-space()='Welcome to your store!']}]
      Capabilities {acceptInsecureCerts: false, browserName: chrome, browserVersion: 141.0.7390.107, chrome: {chromedriverVersion: 141.0.7390.78 (2b53b0e231fc..., userDataDir: C:\Users\DELL\AppData\Local...}, fedcm:accounts: true, networkConnectionEnabled: false, pageLoadStrategy: normal, platformName: windows, proxy: Proxy(), setWindowRect: true, strictFileInteractability: false, timeouts: {implicit: 0, pageLoad: 300000, script: 30000}, unhandledPromptBehavior: dismiss and notify, webauthn:extension:credBlob: true, webauthn:extension:largeBlob: true, webauthn:extension:minPinLength: true, webauthn:extension:prf: true, webauthn:virtualAuthenticators: true}
      Session ID: 400a098bf141c54f779f3225daa87174
      	at java.base/jdk.internal.reflect.NativeConstructorAccessorImpl.newInstance0(Native Method)
      	at java.base/jdk.internal.reflect.NativeConstructorAccessorImpl.newInstance(NativeConstructorAccessorImpl.java:77)
      	at java.base/jdk.internal.reflect.DelegatingConstructorAccessorImpl.newInstance(DelegatingConstructorAccessorImpl.java:45)
      	at java.base/java.lang.reflect.Constructor.newInstanceWithCaller(Constructor.java:499)
      	at java.base/java.lang.reflect.Constructor.newInstance(Constructor.java:480)
      	at org.openqa.selenium.remote.ErrorCodec.decode(ErrorCodec.java:167)
      	at org.openqa.selenium.remote.codec.w3c.W3CHttpResponseCodec.decode(W3CHttpResponseCodec.java:138)
      	at org.openqa.selenium.remote.codec.w3c.W3CHttpResponseCodec.decode(W3CHttpResponseCodec.java:50)
      	at org.openqa.selenium.remote.HttpCommandExecutor.execute(HttpCommandExecutor.java:215)
      	at org.openqa.selenium.remote.service.DriverCommandExecutor.invokeExecute(DriverCommandExecutor.java:216)
      	at org.openqa.selenium.remote.service.DriverCommandExecutor.execute(DriverCommandExecutor.java:174)
      	at org.openqa.selenium.remote.RemoteWebDriver.execute(RemoteWebDriver.java:544)
      	at org.openqa.selenium.remote.ElementLocation$ElementFinder$2.findElement(ElementLocation.java:165)
      	at org.openqa.selenium.remote.ElementLocation.findElement(ElementLocation.java:59)
      	at org.openqa.selenium.remote.RemoteWebDriver.findElement(RemoteWebDriver.java:367)
      	at org.openqa.selenium.remote.RemoteWebDriver.findElement(RemoteWebDriver.java:361)
      	at org.openqa.selenium.support.pagefactory.DefaultElementLocator.findElement(DefaultElementLocator.java:68)
      	at org.openqa.selenium.support.pagefactory.internal.LocatingElementHandler.invoke(LocatingElementHandler.java:38)
      	at jdk.proxy2/jdk.proxy2.$Proxy23.getText(Unknown Source)
      	at com.nopcommerce.e2eTests.utils.Validations.assertEquals(Validations.java:54)
      	at com.nopcommerce.e2eTests.step_definitions.LoginNopStepDefinitions.jeMeRedirigeVersLaPageHome(LoginNopStepDefinitions.java:49)
      	at âœ½.Je me redirige vers la page Home "Dashboard"(file:///C:/Users/DELL/eclipse-workspace/nopcommerce/src/spec/features/feature_file/LoginNop.feature:12)
]]></system-out>
    <system-err><![CDATA[oct. 17, 2025 12:08:48 PM org.openqa.selenium.devtools.CdpVersionFinder findNearestMatch
WARNING: Unable to find an exact match for CDP version 141, returning the closest version; found: 138; Please update to a Selenium version that supports CDP version 141
]]></system-err>
  </testcase>
</testsuite>